# JRE version: Java(TM) SE Runtime Environment (8.0_111-b14) (build 1.8.0_111-b14)
# Java VM: Java HotSpot(TM) 64-Bit Server VM (25.111-b14 mixed mode windows-amd64 compressed oops)
Heap:
 PSYoungGen      total 24064K, used 20993K [0x00000000ddc00000, 0x00000000dfd00000, 0x0000000100000000)
  eden space 23552K, 88% used [0x00000000ddc00000,0x00000000df0485d0,0x00000000df300000)
  from space 512K, 43% used [0x00000000df380000,0x00000000df3b8000,0x00000000df400000)
  to   space 5120K, 0% used [0x00000000df800000,0x00000000df800000,0x00000000dfd00000)
 ParOldGen       total 71168K, used 25467K [0x0000000099400000, 0x000000009d980000, 0x00000000ddc00000)
  object space 71168K, 35% used [0x0000000099400000,0x000000009acdef28,0x000000009d980000)
 Metaspace       used 14842K, capacity 15092K, committed 15360K, reserved 1062912K
  class space    used 1844K, capacity 1938K, committed 2048K, reserved 1048576K
GC Heap History (10 events):
Event: 112.015 GC heap before
{Heap before GC invocations=7 (full 0):
 PSYoungGen      total 29184K, used 29166K [0x00000000ddc00000, 0x00000000dfd00000, 0x0000000100000000)
  eden space 26112K, 100% used [0x00000000ddc00000,0x00000000df580000,0x00000000df580000)
  from space 3072K, 99% used [0x00000000dfa00000,0x00000000dfcfb8e8,0x00000000dfd00000)
  to   space 3584K, 0% used [0x00000000df600000,0x00000000df600000,0x00000000df980000)
 ParOldGen       total 71168K, used 22369K [0x0000000099400000, 0x000000009d980000, 0x00000000ddc00000)
  object space 71168K, 31% used [0x0000000099400000,0x000000009a9d8430,0x000000009d980000)
 Metaspace       used 14755K, capacity 14964K, committed 15360K, reserved 1062912K
  class space    used 1844K, capacity 1938K, committed 2048K, reserved 1048576K
Event: 112.020 GC heap after
Heap after GC invocations=7 (full 0):
 PSYoungGen      total 26112K, used 352K [0x00000000ddc00000, 0x00000000dfd00000, 0x0000000100000000)
  eden space 25600K, 0% used [0x00000000ddc00000,0x00000000ddc00000,0x00000000df500000)
  from space 512K, 68% used [0x00000000df600000,0x00000000df658000,0x00000000df680000)
  to   space 4096K, 0% used [0x00000000df900000,0x00000000df900000,0x00000000dfd00000)
 ParOldGen       total 71168K, used 25248K [0x0000000099400000, 0x000000009d980000, 0x00000000ddc00000)
  object space 71168K, 35% used [0x0000000099400000,0x000000009aca81f8,0x000000009d980000)
 Metaspace       used 14755K, capacity 14964K, committed 15360K, reserved 1062912K
  class space    used 1844K, capacity 1938K, committed 2048K, reserved 1048576K
}
Event: 112.875 GC heap before
{Heap before GC invocations=8 (full 0):
 PSYoungGen      total 26112K, used 25952K [0x00000000ddc00000, 0x00000000dfd00000, 0x0000000100000000)
  eden space 25600K, 100% used [0x00000000ddc00000,0x00000000df500000,0x00000000df500000)
  from space 512K, 68% used [0x00000000df600000,0x00000000df658000,0x00000000df680000)
  to   space 4096K, 0% used [0x00000000df900000,0x00000000df900000,0x00000000dfd00000)
 ParOldGen       total 71168K, used 25248K [0x0000000099400000, 0x000000009d980000, 0x00000000ddc00000)
  object space 71168K, 35% used [0x0000000099400000,0x000000009aca81f8,0x000000009d980000)
 Metaspace       used 14787K, capacity 15028K, committed 15360K, reserved 1062912K
  class space    used 1844K, capacity 1938K, committed 2048K, reserved 1048576K
Event: 112.876 GC heap after
Heap after GC invocations=8 (full 0):
 PSYoungGen      total 29184K, used 256K [0x00000000ddc00000, 0x00000000dfd80000, 0x0000000100000000)
  eden space 25088K, 0% used [0x00000000ddc00000,0x00000000ddc00000,0x00000000df480000)
  from space 4096K, 6% used [0x00000000df900000,0x00000000df940000,0x00000000dfd00000)
  to   space 4608K, 0% used [0x00000000df480000,0x00000000df480000,0x00000000df900000)
 ParOldGen       total 71168K, used 25309K [0x0000000099400000, 0x000000009d980000, 0x00000000ddc00000)
  object space 71168K, 35% used [0x0000000099400000,0x000000009acb76d8,0x000000009d980000)
 Metaspace       used 14787K, capacity 15028K, committed 15360K, reserved 1062912K
  class space    used 1844K, capacity 1938K, committed 2048K, reserved 1048576K
}
Event: 113.694 GC heap before
{Heap before GC invocations=9 (full 0):
 PSYoungGen      total 29184K, used 25344K [0x00000000ddc00000, 0x00000000dfd80000, 0x0000000100000000)
  eden space 25088K, 100% used [0x00000000ddc00000,0x00000000df480000,0x00000000df480000)
  from space 4096K, 6% used [0x00000000df900000,0x00000000df940000,0x00000000dfd00000)
  to   space 4608K, 0% used [0x00000000df480000,0x00000000df480000,0x00000000df900000)
 ParOldGen       total 71168K, used 25309K [0x0000000099400000, 0x000000009d980000, 0x00000000ddc00000)
  object space 71168K, 35% used [0x0000000099400000,0x000000009acb76d8,0x000000009d980000)
 Metaspace       used 14793K, capacity 15028K, committed 15360K, reserved 1062912K
  class space    used 1844K, capacity 1938K, committed 2048K, reserved 1048576K
Event: 113.694 GC heap after
Heap after GC invocations=9 (full 0):
 PSYoungGen      total 25088K, used 288K [0x00000000ddc00000, 0x00000000dfd00000, 0x0000000100000000)
  eden space 24576K, 0% used [0x00000000ddc00000,0x00000000ddc00000,0x00000000df400000)
  from space 512K, 56% used [0x00000000df480000,0x00000000df4c8000,0x00000000df500000)
  to   space 4608K, 0% used [0x00000000df880000,0x00000000df880000,0x00000000dfd00000)
 ParOldGen       total 71168K, used 25325K [0x0000000099400000, 0x000000009d980000, 0x00000000ddc00000)
  object space 71168K, 35% used [0x0000000099400000,0x000000009acbb6d8,0x000000009d980000)
 Metaspace       used 14793K, capacity 15028K, committed 15360K, reserved 1062912K
  class space    used 1844K, capacity 1938K, committed 2048K, reserved 1048576K
}
Event: 115.328 GC heap before
{Heap before GC invocations=10 (full 0):
 PSYoungGen      total 25088K, used 24864K [0x00000000ddc00000, 0x00000000dfd00000, 0x0000000100000000)
  eden space 24576K, 100% used [0x00000000ddc00000,0x00000000df400000,0x00000000df400000)
  from space 512K, 56% used [0x00000000df480000,0x00000000df4c8000,0x00000000df500000)
  to   space 4608K, 0% used [0x00000000df880000,0x00000000df880000,0x00000000dfd00000)
 ParOldGen       total 71168K, used 25325K [0x0000000099400000, 0x000000009d980000, 0x00000000ddc00000)
  object space 71168K, 35% used [0x0000000099400000,0x000000009acbb6d8,0x000000009d980000)
 Metaspace       used 14817K, capacity 15028K, committed 15360K, reserved 1062912K
  class space    used 1844K, capacity 1938K, committed 2048K, reserved 1048576K
Event: 115.328 GC heap after
Heap after GC invocations=10 (full 0):
 PSYoungGen      total 28672K, used 256K [0x00000000ddc00000, 0x00000000dfd80000, 0x0000000100000000)
  eden space 24064K, 0% used [0x00000000ddc00000,0x00000000ddc00000,0x00000000df380000)
  from space 4608K, 5% used [0x00000000df880000,0x00000000df8c0000,0x00000000dfd00000)
  to   space 5120K, 0% used [0x00000000df380000,0x00000000df380000,0x00000000df880000)
 ParOldGen       total 71168K, used 25353K [0x0000000099400000, 0x000000009d980000, 0x00000000ddc00000)
  object space 71168K, 35% used [0x0000000099400000,0x000000009acc24a8,0x000000009d980000)
 Metaspace       used 14817K, capacity 15028K, committed 15360K, reserved 1062912K
  class space    used 1844K, capacity 1938K, committed 2048K, reserved 1048576K
}
Event: 189.598 GC heap before
{Heap before GC invocations=11 (full 0):
 PSYoungGen      total 28672K, used 24320K [0x00000000ddc00000, 0x00000000dfd80000, 0x0000000100000000)
  eden space 24064K, 100% used [0x00000000ddc00000,0x00000000df380000,0x00000000df380000)
  from space 4608K, 5% used [0x00000000df880000,0x00000000df8c0000,0x00000000dfd00000)
  to   space 5120K, 0% used [0x00000000df380000,0x00000000df380000,0x00000000df880000)
 ParOldGen       total 71168K, used 25353K [0x0000000099400000, 0x000000009d980000, 0x00000000ddc00000)
  object space 71168K, 35% used [0x0000000099400000,0x000000009acc24a8,0x000000009d980000)
 Metaspace       used 14839K, capacity 15092K, committed 15360K, reserved 1062912K
  class space    used 1844K, capacity 1938K, committed 2048K, reserved 1048576K
Event: 189.599 GC heap after
Heap after GC invocations=11 (full 0):
 PSYoungGen      total 24064K, used 224K [0x00000000ddc00000, 0x00000000dfd00000, 0x0000000100000000)
  eden space 23552K, 0% used [0x00000000ddc00000,0x00000000ddc00000,0x00000000df300000)
  from space 512K, 43% used [0x00000000df380000,0x00000000df3b8000,0x00000000df400000)
  to   space 5120K, 0% used [0x00000000df800000,0x00000000df800000,0x00000000dfd00000)
 ParOldGen       total 71168K, used 25467K [0x0000000099400000, 0x000000009d980000, 0x00000000ddc00000)
  object space 71168K, 35% used [0x0000000099400000,0x000000009acdef28,0x000000009d980000)
 Metaspace       used 14839K, capacity 15092K, committed 15360K, reserved 1062912K
  class space    used 1844K, capacity 1938K, committed 2048K, reserved 1048576K
}

